\BOOKMARK [1][-]{section.1}{Structure}{}% 1
\BOOKMARK [2][-]{subsection.1.1}{Architecture}{section.1}% 2
\BOOKMARK [2][-]{subsection.1.2}{Integrated\040Delevopment\040Environment\040\(IDE\)}{section.1}% 3
\BOOKMARK [2][-]{subsection.1.3}{Version\040Control\040System\040\(VCS\)}{section.1}% 4
\BOOKMARK [2][-]{subsection.1.4}{Javadoc}{section.1}% 5
\BOOKMARK [1][-]{section.2}{Features}{}% 6
\BOOKMARK [2][-]{subsection.2.1}{Database}{section.2}% 7
\BOOKMARK [3][-]{subsubsection.2.1.1}{Structured\040Query\040Language\040\(SQL\)}{subsection.2.1}% 8
\BOOKMARK [2][-]{subsection.2.2}{Graphical\040User\040Interface\040\(GUI\)}{section.2}% 9
\BOOKMARK [3][-]{subsubsection.2.2.1}{GUI\040Architecture}{subsection.2.2}% 10
\BOOKMARK [3][-]{subsubsection.2.2.2}{Widget}{subsection.2.2}% 11
\BOOKMARK [3][-]{subsubsection.2.2.3}{Animation}{subsection.2.2}% 12
\BOOKMARK [2][-]{subsection.2.3}{Data\040Visualisation}{section.2}% 13
\BOOKMARK [3][-]{subsubsection.2.3.1}{Route\040Explorer}{subsection.2.3}% 14
\BOOKMARK [3][-]{subsubsection.2.3.2}{Table}{subsection.2.3}% 15
\BOOKMARK [3][-]{subsubsection.2.3.3}{Graph}{subsection.2.3}% 16
\BOOKMARK [3][-]{subsubsection.2.3.4}{Map}{subsection.2.3}% 17
\BOOKMARK [1][-]{section.3}{Problems}{}% 18
\BOOKMARK [2][-]{subsection.3.1}{Flawed\040Data}{section.3}% 19
\BOOKMARK [2][-]{subsection.3.2}{Libraries}{section.3}% 20
\BOOKMARK [2][-]{subsection.3.3}{Architecture\040Implementation}{section.3}% 21
